wear/build/intermediates/manifest_merge_blame_file/debug/processDebugMainManifest/manifest-merger-blame-debug-report.txt
1<?xml version="1.0" encoding="utf-8"?>
2<manifest xmlns:android="http://schemas.android.com/apk/res/android"
3    package="com.example.motionwatch"
4    android:versionCode="1"
5    android:versionName="1.0" >
6
7    <uses-sdk
8        android:minSdkVersion="30"
9        android:targetSdkVersion="34" />
10
11    <uses-feature android:name="android.hardware.type.watch" />
11-->src\main\AndroidManifest.xml:5:5-64
11-->src\main\AndroidManifest.xml:5:19-61
12
13    <!-- Keep CPU awake during logging (optional but useful) -->
14    <uses-permission android:name="android.permission.WAKE_LOCK" />
14-->src\main\AndroidManifest.xml:8:5-68
14-->src\main\AndroidManifest.xml:8:22-65
15
16    <!-- Foreground Service permission -->
17    <uses-permission android:name="android.permission.FOREGROUND_SERVICE" />
17-->src\main\AndroidManifest.xml:11:5-77
17-->src\main\AndroidManifest.xml:11:22-74
18
19    <!-- Android 13+ requires this for foreground notifications on many devices -->
20    <uses-permission android:name="android.permission.POST_NOTIFICATIONS" />
20-->src\main\AndroidManifest.xml:14:5-77
20-->src\main\AndroidManifest.xml:14:22-74
21
22    <!-- You do NOT need BODY_SENSORS for accelerometer/gyroscope -->
23    <!-- <uses-permission android:name="android.permission.BODY_SENSORS" /> -->
24
25
26    <!-- Optional: only required if you use SENSOR_DELAY_FASTEST (0us) again -->
27    <!-- <uses-permission android:name="android.permission.HIGH_SAMPLING_RATE_SENSORS" /> -->
28
29    <uses-feature
29-->src\main\AndroidManifest.xml:22:5-24:36
30        android:name="android.hardware.sensor.accelerometer"
30-->src\main\AndroidManifest.xml:23:9-61
31        android:required="false" />
31-->src\main\AndroidManifest.xml:24:9-33
32    <uses-feature
32-->src\main\AndroidManifest.xml:26:5-28:36
33        android:name="android.hardware.sensor.gyroscope"
33-->src\main\AndroidManifest.xml:27:9-57
34        android:required="false" />
34-->src\main\AndroidManifest.xml:28:9-33
35
36    <permission
36-->[androidx.core:core:1.10.0] AndroidManifest.xml:22:5-24:47
37        android:name="com.example.motionwatch.DYNAMIC_RECEIVER_NOT_EXPORTED_PERMISSION"
37-->[androidx.core:core:1.10.0] AndroidManifest.xml:23:9-81
38        android:protectionLevel="signature" />
38-->[androidx.core:core:1.10.0] AndroidManifest.xml:24:9-44
39
40    <uses-permission android:name="com.example.motionwatch.DYNAMIC_RECEIVER_NOT_EXPORTED_PERMISSION" />
40-->[androidx.core:core:1.10.0] AndroidManifest.xml:26:5-97
40-->[androidx.core:core:1.10.0] AndroidManifest.xml:26:22-94
41
42    <application
42-->src\main\AndroidManifest.xml:30:5-61:19
43        android:allowBackup="true"
43-->src\main\AndroidManifest.xml:31:9-35
44        android:appComponentFactory="androidx.core.app.CoreComponentFactory"
44-->[androidx.core:core:1.10.0] AndroidManifest.xml:28:18-86
45        android:debuggable="true"
46        android:extractNativeLibs="false"
47        android:icon="@mipmap/ic_launcher"
47-->src\main\AndroidManifest.xml:32:9-43
48        android:label="@string/app_name"
48-->src\main\AndroidManifest.xml:33:9-41
49        android:supportsRtl="true"
49-->src\main\AndroidManifest.xml:34:9-35
50        android:theme="@android:style/Theme.DeviceDefault" >
50-->src\main\AndroidManifest.xml:35:9-59
51        <uses-library
51-->src\main\AndroidManifest.xml:38:9-40:39
52            android:name="com.google.android.wearable"
52-->src\main\AndroidManifest.xml:39:13-55
53            android:required="true" />
53-->src\main\AndroidManifest.xml:40:13-36
54
55        <meta-data
55-->src\main\AndroidManifest.xml:42:9-44:36
56            android:name="com.google.android.wearable.standalone"
56-->src\main\AndroidManifest.xml:43:13-66
57            android:value="true" />
57-->src\main\AndroidManifest.xml:44:13-33
58
59        <activity
59-->src\main\AndroidManifest.xml:46:9-55:20
60            android:name="com.example.motionwatch.presentation.MainActivity"
60-->src\main\AndroidManifest.xml:47:13-54
61            android:exported="true"
61-->src\main\AndroidManifest.xml:48:13-36
62            android:taskAffinity=""
62-->src\main\AndroidManifest.xml:49:13-36
63            android:theme="@style/MainActivityTheme.Starting" >
63-->src\main\AndroidManifest.xml:50:13-62
64            <intent-filter>
64-->src\main\AndroidManifest.xml:51:13-54:29
65                <action android:name="android.intent.action.MAIN" />
65-->src\main\AndroidManifest.xml:52:17-69
65-->src\main\AndroidManifest.xml:52:25-66
66
67                <category android:name="android.intent.category.LAUNCHER" />
67-->src\main\AndroidManifest.xml:53:17-77
67-->src\main\AndroidManifest.xml:53:27-74
68            </intent-filter>
69        </activity>
70
71        <!-- Foreground logging service -->
72        <service
72-->src\main\AndroidManifest.xml:58:9-60:40
73            android:name="com.example.motionwatch.presentation.SensorService"
73-->src\main\AndroidManifest.xml:59:13-55
74            android:exported="false" />
74-->src\main\AndroidManifest.xml:60:13-37
75
76        <activity
76-->[androidx.compose.ui:ui-tooling-android:1.5.0] AndroidManifest.xml:23:9-25:39
77            android:name="androidx.compose.ui.tooling.PreviewActivity"
77-->[androidx.compose.ui:ui-tooling-android:1.5.0] AndroidManifest.xml:24:13-71
78            android:exported="true" />
78-->[androidx.compose.ui:ui-tooling-android:1.5.0] AndroidManifest.xml:25:13-36
79        <activity
79-->[androidx.compose.ui:ui-test-manifest:1.5.0] AndroidManifest.xml:23:9-25:39
80            android:name="androidx.activity.ComponentActivity"
80-->[androidx.compose.ui:ui-test-manifest:1.5.0] AndroidManifest.xml:24:13-63
81            android:exported="true" />
81-->[androidx.compose.ui:ui-test-manifest:1.5.0] AndroidManifest.xml:25:13-36
82        <activity
82-->[com.google.android.gms:play-services-base:18.5.0] AndroidManifest.xml:5:9-173
83            android:name="com.google.android.gms.common.api.GoogleApiActivity"
83-->[com.google.android.gms:play-services-base:18.5.0] AndroidManifest.xml:5:19-85
84            android:exported="false"
84-->[com.google.android.gms:play-services-base:18.5.0] AndroidManifest.xml:5:146-170
85            android:theme="@android:style/Theme.Translucent.NoTitleBar" />
85-->[com.google.android.gms:play-services-base:18.5.0] AndroidManifest.xml:5:86-145
86
87        <meta-data
87-->[com.google.android.gms:play-services-basement:18.4.0] AndroidManifest.xml:6:9-122
88            android:name="com.google.android.gms.version"
88-->[com.google.android.gms:play-services-basement:18.4.0] AndroidManifest.xml:6:20-65
89            android:value="@integer/google_play_services_version" />
89-->[com.google.android.gms:play-services-basement:18.4.0] AndroidManifest.xml:6:66-119
90
91        <provider
91-->[androidx.emoji2:emoji2:1.4.0] AndroidManifest.xml:24:9-32:20
92            android:name="androidx.startup.InitializationProvider"
92-->[androidx.emoji2:emoji2:1.4.0] AndroidManifest.xml:25:13-67
93            android:authorities="com.example.motionwatch.androidx-startup"
93-->[androidx.emoji2:emoji2:1.4.0] AndroidManifest.xml:26:13-68
94            android:exported="false" >
94-->[androidx.emoji2:emoji2:1.4.0] AndroidManifest.xml:27:13-37
95            <meta-data
95-->[androidx.emoji2:emoji2:1.4.0] AndroidManifest.xml:29:13-31:52
96                android:name="androidx.emoji2.text.EmojiCompatInitializer"
96-->[androidx.emoji2:emoji2:1.4.0] AndroidManifest.xml:30:17-75
97                android:value="androidx.startup" />
97-->[androidx.emoji2:emoji2:1.4.0] AndroidManifest.xml:31:17-49
98            <meta-data
98-->[androidx.lifecycle:lifecycle-process:2.6.1] AndroidManifest.xml:29:13-31:52
99                android:name="androidx.lifecycle.ProcessLifecycleInitializer"
99-->[androidx.lifecycle:lifecycle-process:2.6.1] AndroidManifest.xml:30:17-78
100                android:value="androidx.startup" />
100-->[androidx.lifecycle:lifecycle-process:2.6.1] AndroidManifest.xml:31:17-49
101            <meta-data
101-->[androidx.profileinstaller:profileinstaller:1.3.0] AndroidManifest.xml:29:13-31:52
102                android:name="androidx.profileinstaller.ProfileInstallerInitializer"
102-->[androidx.profileinstaller:profileinstaller:1.3.0] AndroidManifest.xml:30:17-85
103                android:value="androidx.startup" />
103-->[androidx.profileinstaller:profileinstaller:1.3.0] AndroidManifest.xml:31:17-49
104        </provider>
105
106        <receiver
106-->[androidx.profileinstaller:profileinstaller:1.3.0] AndroidManifest.xml:34:9-52:20
107            android:name="androidx.profileinstaller.ProfileInstallReceiver"
107-->[androidx.profileinstaller:profileinstaller:1.3.0] AndroidManifest.xml:35:13-76
108            android:directBootAware="false"
108-->[androidx.profileinstaller:profileinstaller:1.3.0] AndroidManifest.xml:36:13-44
109            android:enabled="true"
109-->[androidx.profileinstaller:profileinstaller:1.3.0] AndroidManifest.xml:37:13-35
110            android:exported="true"
110-->[androidx.profileinstaller:profileinstaller:1.3.0] AndroidManifest.xml:38:13-36
111            android:permission="android.permission.DUMP" >
111-->[androidx.profileinstaller:profileinstaller:1.3.0] AndroidManifest.xml:39:13-57
112            <intent-filter>
112-->[androidx.profileinstaller:profileinstaller:1.3.0] AndroidManifest.xml:40:13-42:29
113                <action android:name="androidx.profileinstaller.action.INSTALL_PROFILE" />
113-->[androidx.profileinstaller:profileinstaller:1.3.0] AndroidManifest.xml:41:17-91
113-->[androidx.profileinstaller:profileinstaller:1.3.0] AndroidManifest.xml:41:25-88
114            </intent-filter>
115            <intent-filter>
115-->[androidx.profileinstaller:profileinstaller:1.3.0] AndroidManifest.xml:43:13-45:29
116                <action android:name="androidx.profileinstaller.action.SKIP_FILE" />
116-->[androidx.profileinstaller:profileinstaller:1.3.0] AndroidManifest.xml:44:17-85
116-->[androidx.profileinstaller:profileinstaller:1.3.0] AndroidManifest.xml:44:25-82
117            </intent-filter>
118            <intent-filter>
118-->[androidx.profileinstaller:profileinstaller:1.3.0] AndroidManifest.xml:46:13-48:29
119                <action android:name="androidx.profileinstaller.action.SAVE_PROFILE" />
119-->[androidx.profileinstaller:profileinstaller:1.3.0] AndroidManifest.xml:47:17-88
119-->[androidx.profileinstaller:profileinstaller:1.3.0] AndroidManifest.xml:47:25-85
120            </intent-filter>
121            <intent-filter>
121-->[androidx.profileinstaller:profileinstaller:1.3.0] AndroidManifest.xml:49:13-51:29
122                <action android:name="androidx.profileinstaller.action.BENCHMARK_OPERATION" />
122-->[androidx.profileinstaller:profileinstaller:1.3.0] AndroidManifest.xml:50:17-95
122-->[androidx.profileinstaller:profileinstaller:1.3.0] AndroidManifest.xml:50:25-92
123            </intent-filter>
124        </receiver>
125    </application>
126
127</manifest>